2025-04-25 11:18:12,174 - ERROR - Failed to initialize VnCoreNLP: Please download the VnCoreNLP model!
2025-04-25 11:26:08,676 - ERROR - Failed to initialize VnCoreNLP: Please download the VnCoreNLP model!
2025-04-25 11:27:03,574 - ERROR - Failed to initialize VnCoreNLP: Please download the VnCoreNLP model!
2025-04-25 11:30:51,483 - ERROR - Failed to initialize VnCoreNLP: Please download the VnCoreNLP model!
2025-04-25 11:31:52,219 - INFO - Starting Vietnamese word segmentation from: C:\Users\Asus\Downloads\Hachinet\PDFtoJSON\text_extract\vietnamese
2025-04-25 11:31:52,220 - INFO - Initializing VnCoreNLP with models at: C:\Users\Asus\Downloads\Hachinet\PDFtoJSON\vncorenlp
2025-04-25 11:31:52,492 - INFO - VnCoreNLP initialized successfully
2025-04-25 11:31:52,833 - INFO - 
Processing Summary:
2025-04-25 11:31:52,833 - INFO - • Total files processed: 2
2025-04-25 11:31:52,833 - INFO - • Successfully segmented: 2
2025-04-25 11:31:52,834 - INFO - • Failed: 0
2025-04-25 11:31:52,834 - INFO - Output directory: C:\Users\Asus\Downloads\Hachinet\PDFtoJSON\output_segmented
2025-04-25 11:33:18,298 - INFO - Starting Vietnamese word segmentation from: C:\Users\Asus\Downloads\Hachinet\PDFtoJSON\text_extract\vietnamese
2025-04-25 11:33:18,299 - INFO - Initializing VnCoreNLP with models at: C:\Users\Asus\Downloads\Hachinet\PDFtoJSON\vncorenlp
2025-04-25 11:33:18,565 - INFO - VnCoreNLP initialized successfully
2025-04-25 11:33:18,895 - INFO - Processing Summary:
2025-04-25 11:33:18,895 - INFO - ├── Total files processed: 2
2025-04-25 11:33:18,896 - INFO - ├── Successfully segmented: 2
2025-04-25 11:33:18,896 - INFO - └── Failed: 0
2025-04-25 11:33:18,896 - INFO - Output directory: C:\Users\Asus\Downloads\Hachinet\PDFtoJSON\output_segmented
2025-04-25 11:59:06,374 - INFO - Starting Vietnamese word segmentation from: C:\Users\Asus\Downloads\Hachinet\PDFtoJSON\text_extract\vietnamese
2025-04-25 11:59:06,375 - INFO - Initializing VnCoreNLP with models at: C:\Users\Asus\Downloads\Hachinet\PDFtoJSON\vncorenlp
2025-04-25 11:59:06,624 - INFO - VnCoreNLP initialized successfully
2025-04-25 11:59:06,944 - INFO - Processing Summary:
2025-04-25 11:59:06,945 - INFO - ├── Total files processed: 2
2025-04-25 11:59:06,945 - INFO - ├── Successfully segmented: 2
2025-04-25 11:59:06,945 - INFO - └── Failed: 0
2025-04-25 11:59:06,945 - INFO - Output directory: C:\Users\Asus\Downloads\Hachinet\PDFtoJSON\output_segmented
